<?xml version="1.0" encoding="UTF-8"?>
<!-- Generated by org.testng.reporters.JUnitReportReporter -->
<testsuite hostname="LAPTOP-AVT5DENA" failures="0" tests="1" name="org.amazonSignin.test.Tc01AmzSignIn" time="5.331" errors="0" timestamp="2022-10-17T11:06:09 CDT" skipped="0">
  <testcase classname="org.amazonSignin.test.Tc01AmzSignIn" name="signintest" time="5.331"/>
  <system-out/>
</testsuite> <!-- org.amazonSignin.test.Tc01AmzSignIn -->
