<?xml version="1.0" encoding="UTF-8"?>
<!-- Generated by org.testng.reporters.JUnitReportReporter -->
<testsuite hostname="LAPTOP-AVT5DENA" failures="0" tests="1" name="AmazonProjectId001.ProjectN001.SignIn" time="44.058" errors="0" timestamp="2022-10-10T11:01:16 CDT" skipped="0">
  <testcase classname="AmazonProjectId001.ProjectN001.SignIn" name="homepagee" time="44.058"/>
  <system-out/>
</testsuite> <!-- AmazonProjectId001.ProjectN001.SignIn -->
